1) Найдите все записи из лога загрузки, доступного через команду journalctl с опцией -b в первые полторы секунды с момента загрузки

> root@eltex-practice2-pg1-v24:~# journalctl -b | head -n 1
Mar 17 09:14:09 localhost kernel: Linux version 6.8.0-55-generic (buildd@lcy02-amd64-095) (x86_64-linux-gnu-gcc-13 (Ubuntu 13.3.0-6ubuntu2~24.04) 13.3.0, GNU ld (GNU Binutils for Ubuntu) 2.42) #57-Ubuntu SMP PREEMPT_DYNAMIC Wed Feb 12 23:42:21 UTC 2025 (Ubuntu 6.8.0-55.57-generic 6.8.12)

> journalctl -b --since "2025-03-17 09:14:09" --until "2025-03-17 09:14:10.5"
Mar 17 09:14:09 localhost kernel: Linux version 6.8.0-55-generic (buildd@lcy02-amd64-095) (x86_64-linux-gnu-gcc-13 (Ubuntu 13.3.0-6ubuntu2~24.04) 13.3.0, GNU ld (GNU Binutils for Ubuntu) 2.42) #57-Ubuntu SMP PREEMPT_DYNAMIC Wed Feb 12 23:42:21 UTC 2025 (Ubuntu 6.8.0-55.57-generic 6.8.12)
Mar 17 09:14:09 localhost kernel: Command line: BOOT_IMAGE=/vmlinuz-6.8.0-55-generic root=/dev/mapper/ubuntu--vg-ubuntu--lv ro
Mar 17 09:14:09 localhost kernel: KERNEL supported cpus:
Mar 17 09:14:09 localhost kernel:   Intel GenuineIntel
Mar 17 09:14:09 localhost kernel:   AMD AuthenticAMD
Mar 17 09:14:09 localhost kernel:   Hygon HygonGenuine
Mar 17 09:14:09 localhost kernel:   Centaur CentaurHauls
Mar 17 09:14:09 localhost kernel:   zhaoxin   Shanghai
Mar 17 09:14:09 localhost kernel: BIOS-provided physical RAM map:
Mar 17 09:14:09 localhost kernel: BIOS-e820: [mem 0x0000000000000000-0x000000000009fbff] usable
Mar 17 09:14:09 localhost kernel: BIOS-e820: [mem 0x000000000009fc00-0x000000000009ffff] reserved
Mar 17 09:14:09 localhost kernel: BIOS-e820: [mem 0x00000000000f0000-0x00000000000fffff] reserved
...
...
...
Mar 17 09:14:10 localhost (udev-worker)[390]: sr0: Process '/usr/bin/unshare -m /usr/bin/snap auto-import --mount=/dev/sr0' failed with exit code 1.
Mar 17 09:14:10 localhost kernel: piix4_smbus 0000:00:01.3: SMBus Host Controller at 0x700, revision 0
Mar 17 09:14:10 localhost lvm[460]: PV /dev/sda3 online, VG ubuntu-vg is complete.
Mar 17 09:14:10 localhost lvm[460]: VG ubuntu-vg finished
Mar 17 09:14:10 localhost (udev-worker)[386]: dm-0: Process '/usr/bin/unshare -m /usr/bin/snap auto-import --mount=/dev/dm-0' failed with exit code 1.
Mar 17 09:14:10 localhost (udev-worker)[390]: sda1: Process '/usr/bin/unshare -m /usr/bin/snap auto-import --mount=/dev/sda1' failed with exit code 1.
Mar 17 09:14:10 localhost (udev-worker)[391]: sda2: Process '/usr/bin/unshare -m /usr/bin/snap auto-import --mount=/dev/sda2' failed with exit code 1.
Mar 17 09:14:10 localhost systemd[1]: Found device dev-disk-by\x2duuid-c3f8f018\x2df5f7\x2d4a5d\x2d92a1\x2d12ee87108672.device - QEMU_HARDDISK 2.
Mar 17 09:14:10 localhost (udev-worker)[397]: sda3: Process '/usr/bin/unshare -m /usr/bin/snap auto-import --mount=/dev/sda3' failed with exit code 1.


2) Используя awk найдите все источники и их сообщения в файле auth.log (найдите его find), в названии источника удалите информацию об идентификаторе процесса при помощи sed, полученный результат отсортируйте по названию источника

> root@eltex-practice2-pg1-v24:~# find /var/log -type f -name "auth.log" -exec awk '{split($5, a, /\[/); source = a[1]; message = substr($0, index($0, $6)); print source " " message}' {} + | sed 's/\[[0-9]*\]//g' | sort -k1                       auth could not identify password for [user2]
conversation failed
listening on :: port 22.
loading, compiling and executing 6 rules
login by root (UID: 1003) on /dev/pts/0
password expiry for user1
password expiry for user2
password expiry for user3
publickey for root from 172.16.8.2 port 37900 ssh2: RSA SHA256:Jz6hqRxgRmIxDbIxewgfA/l9WmgHEvC7q2D2tU7lYtg
publickey for root from 172.16.8.2 port 48376 ssh2: RSA SHA256:Jz6hqRxgRmIxDbIxewgfA/l9WmgHEvC7q2D2tU7lYtg
rules from directory /etc/polkit-1/rules.d
rules from directory /usr/share/polkit-1/rules.d
seat seat0.
session 17T09:14:50.857745+00:00 localhost systemd-logind: New session 1 of user root.
session 766 of user root.
session closed for user root
session closed for user root
session closed for user root
session closed for user root
session closed for user root
session closed for user root
session closed for user root
session closed for user root
session closed for user root
session closed for user root
session closed for user root
session closed for user root
session closed for user root
session closed for user root
session closed for user root
session closed for user root
session closed for user root
session closed for user root
session closed for user root
session closed for user root
session closed for user root
session closed for user root
session closed for user root
session closed for user root
session closed for user root
session closed for user root
session closed for user root
session closed for user root
session closed for user root
session closed for user root
session closed for user root
session closed for user root
session closed for user root
session closed for user root
session closed for user root
session closed for user root
session closed for user root
session closed for user root
session closed for user root
session closed for user root
session closed for user root
session closed for user root
session closed for user root
session closed for user root
session closed for user root
session closed for user root
session closed for user root
session closed for user root
session closed for user root
session closed for user root
session closed for user root
session closed for user root
session closed for user root
session closed for user root
session closed for user root
session closed for user root
session closed for user root
session closed for user root
session closed for user root
session closed for user root
session closed for user root
session closed for user root
session closed for user root
session closed for user root
session closed for user root
session closed for user root
session closed for user root
session closed for user root
session closed for user root
session closed for user root
session closed for user root
session closed for user root
session closed for user root
session closed for user root
session closed for user root
session closed for user root
session closed for user root
session closed for user root
session closed for user root
session closed for user root
session closed for user root
session closed for user root
session closed for user root
session closed for user root
session closed for user root
session closed for user root
session closed for user root
session closed for user root
session closed for user root
session closed for user root
session closed for user root
session closed for user root
session closed for user root
session closed for user root
session closed for user root
session closed for user root
session closed for user root
session closed for user root
session closed for user root
session closed for user root
session closed for user root
session closed for user root
session closed for user root
session closed for user root
session closed for user root
session closed for user root
session closed for user root
session closed for user root
session closed for user root
session closed for user root
session closed for user root
session closed for user root
session closed for user root
session closed for user root
session closed for user root
session closed for user root
session closed for user root
session closed for user root
session closed for user root
session closed for user root
session closed for user root
session closed for user root
session closed for user root
session closed for user root
session closed for user root
session closed for user root
session closed for user root
session closed for user root
session closed for user root
session closed for user root
session closed for user root
session closed for user root
session closed for user root
session closed for user root
session closed for user root
session closed for user root
session closed for user root
session closed for user root
session closed for user root
session closed for user root
session closed for user root
session closed for user root
session closed for user root
session closed for user root
session closed for user root
session closed for user root
session closed for user root
session closed for user root
session closed for user root
session closed for user root
session closed for user root
session closed for user root
session closed for user root
session closed for user root
session closed for user root
session closed for user root
session closed for user root
session closed for user root
session closed for user root
session closed for user root
session closed for user root
session closed for user root
session closed for user root
session closed for user root
session closed for user root
session closed for user root
session closed for user root
session closed for user root
session closed for user root
session closed for user root
session closed for user root
session closed for user root
session closed for user root
session closed for user root
session closed for user root
session closed for user root
session closed for user root
session closed for user root
session closed for user root
session closed for user root
session closed for user root
session closed for user root
session closed for user root
session closed for user root
session closed for user root
session closed for user root
session closed for user root
session closed for user root
session closed for user root
session closed for user root
session closed for user root
session closed for user root
session closed for user root
session closed for user root
session closed for user root
session closed for user root
session closed for user root
session closed for user root
session closed for user root
session closed for user root
session closed for user root
session closed for user root
session closed for user root
session closed for user root
session closed for user root
session closed for user root
session closed for user root
session closed for user root
session closed for user root
session closed for user root
session closed for user root
session closed for user root
session closed for user root
session closed for user root
session closed for user root
session closed for user root
session closed for user root
session closed for user root
session closed for user root
session closed for user root
session closed for user root
session closed for user root
session closed for user root
session closed for user root
session closed for user root
session closed for user user1
session closed for user user1
session closed for user user1
session closed for user user1
session closed for user user1
session closed for user user2
session closed for user user2
session closed for user user2
session closed for user user2
session closed for user user2
session closed for user user2
session closed for user user3
session closed for user user3
session closed for user user3
session closed for user user3
session closed for user user3
session closed for user user3
session opened for user root(uid=0) by root(uid=0)
session opened for user root(uid=0) by root(uid=0)
session opened for user root(uid=0) by root(uid=0)
session opened for user root(uid=0) by root(uid=0)
session opened for user root(uid=0) by root(uid=0)
session opened for user root(uid=0) by root(uid=0)
session opened for user root(uid=0) by root(uid=0)
session opened for user root(uid=0) by root(uid=0)
session opened for user root(uid=0) by root(uid=0)
session opened for user root(uid=0) by root(uid=0)
session opened for user root(uid=0) by root(uid=0)
session opened for user root(uid=0) by root(uid=0)
session opened for user root(uid=0) by root(uid=0)
session opened for user root(uid=0) by root(uid=0)
session opened for user root(uid=0) by root(uid=0)
session opened for user root(uid=0) by root(uid=0)
session opened for user root(uid=0) by root(uid=0)
session opened for user root(uid=0) by root(uid=0)
session opened for user root(uid=0) by root(uid=0)
session opened for user root(uid=0) by root(uid=0)
session opened for user root(uid=0) by root(uid=0)
session opened for user root(uid=0) by root(uid=0)
session opened for user root(uid=0) by root(uid=0)
session opened for user root(uid=0) by root(uid=0)
session opened for user root(uid=0) by root(uid=0)
session opened for user root(uid=0) by root(uid=0)
session opened for user root(uid=0) by root(uid=0)
session opened for user root(uid=0) by root(uid=0)
session opened for user root(uid=0) by root(uid=0)
session opened for user root(uid=0) by root(uid=0)
session opened for user root(uid=0) by root(uid=0)
session opened for user root(uid=0) by root(uid=0)
session opened for user root(uid=0) by root(uid=0)
session opened for user root(uid=0) by root(uid=0)
session opened for user root(uid=0) by root(uid=0)
session opened for user root(uid=0) by root(uid=0)
session opened for user root(uid=0) by root(uid=0)
session opened for user root(uid=0) by root(uid=0)
session opened for user root(uid=0) by root(uid=0)
session opened for user root(uid=0) by root(uid=0)
session opened for user root(uid=0) by root(uid=0)
session opened for user root(uid=0) by root(uid=0)
session opened for user root(uid=0) by root(uid=0)
session opened for user root(uid=0) by root(uid=0)
session opened for user root(uid=0) by root(uid=0)
session opened for user root(uid=0) by root(uid=0)
session opened for user root(uid=0) by root(uid=0)
session opened for user root(uid=0) by root(uid=0)
session opened for user root(uid=0) by root(uid=0)
session opened for user root(uid=0) by root(uid=0)
session opened for user root(uid=0) by root(uid=0)
session opened for user root(uid=0) by root(uid=0)
session opened for user root(uid=0) by root(uid=0)
session opened for user root(uid=0) by root(uid=0)
session opened for user root(uid=0) by root(uid=0)
session opened for user root(uid=0) by root(uid=0)
session opened for user root(uid=0) by root(uid=0)
session opened for user root(uid=0) by root(uid=0)
session opened for user root(uid=0) by root(uid=0)
session opened for user root(uid=0) by root(uid=0)
session opened for user root(uid=0) by root(uid=0)
session opened for user root(uid=0) by root(uid=0)
session opened for user root(uid=0) by root(uid=0)
session opened for user root(uid=0) by root(uid=0)
session opened for user root(uid=0) by root(uid=0)
session opened for user root(uid=0) by root(uid=0)
session opened for user root(uid=0) by root(uid=0)
session opened for user root(uid=0) by root(uid=0)
session opened for user root(uid=0) by root(uid=0)
session opened for user root(uid=0) by root(uid=0)
session opened for user root(uid=0) by root(uid=0)
session opened for user root(uid=0) by root(uid=0)
session opened for user root(uid=0) by root(uid=0)
session opened for user root(uid=0) by root(uid=0)
session opened for user root(uid=0) by root(uid=0)
session opened for user root(uid=0) by root(uid=0)
session opened for user root(uid=0) by root(uid=0)
session opened for user root(uid=0) by root(uid=0)
session opened for user root(uid=0) by root(uid=0)
session opened for user root(uid=0) by root(uid=0)
session opened for user root(uid=0) by root(uid=0)
session opened for user root(uid=0) by root(uid=0)
session opened for user root(uid=0) by root(uid=0)
session opened for user root(uid=0) by root(uid=0)
session opened for user root(uid=0) by root(uid=0)
session opened for user root(uid=0) by root(uid=0)
session opened for user root(uid=0) by root(uid=0)
session opened for user root(uid=0) by root(uid=0)
session opened for user root(uid=0) by root(uid=0)
session opened for user root(uid=0) by root(uid=0)
session opened for user root(uid=0) by root(uid=0)
session opened for user root(uid=0) by root(uid=0)
session opened for user root(uid=0) by root(uid=0)
session opened for user root(uid=0) by root(uid=0)
session opened for user root(uid=0) by root(uid=0)
session opened for user root(uid=0) by root(uid=0)
session opened for user root(uid=0) by root(uid=0)
session opened for user root(uid=0) by root(uid=0)
session opened for user root(uid=0) by root(uid=0)
session opened for user root(uid=0) by root(uid=0)
session opened for user root(uid=0) by root(uid=0)
session opened for user root(uid=0) by root(uid=0)
session opened for user root(uid=0) by root(uid=0)
session opened for user root(uid=0) by root(uid=0)
session opened for user root(uid=0) by root(uid=0)
session opened for user root(uid=0) by root(uid=0)
session opened for user root(uid=0) by root(uid=0)
session opened for user root(uid=0) by root(uid=0)
session opened for user root(uid=0) by root(uid=0)
session opened for user root(uid=0) by root(uid=0)
session opened for user root(uid=0) by root(uid=0)
session opened for user root(uid=0) by root(uid=0)
session opened for user root(uid=0) by root(uid=0)
session opened for user root(uid=0) by root(uid=0)
session opened for user root(uid=0) by root(uid=0)
session opened for user root(uid=0) by root(uid=0)
session opened for user root(uid=0) by root(uid=0)
session opened for user root(uid=0) by root(uid=0)
session opened for user root(uid=0) by root(uid=0)
session opened for user root(uid=0) by root(uid=0)
session opened for user root(uid=0) by root(uid=0)
session opened for user root(uid=0) by root(uid=0)
session opened for user root(uid=0) by root(uid=0)
session opened for user root(uid=0) by root(uid=0)
session opened for user root(uid=0) by root(uid=0)
session opened for user root(uid=0) by root(uid=0)
session opened for user root(uid=0) by root(uid=0)
session opened for user root(uid=0) by root(uid=0)
session opened for user root(uid=0) by root(uid=0)
session opened for user root(uid=0) by root(uid=0)
session opened for user root(uid=0) by root(uid=0)
session opened for user root(uid=0) by root(uid=0)
session opened for user root(uid=0) by root(uid=0)
session opened for user root(uid=0) by root(uid=0)
session opened for user root(uid=0) by root(uid=0)
session opened for user root(uid=0) by root(uid=0)
session opened for user root(uid=0) by root(uid=0)
session opened for user root(uid=0) by root(uid=0)
session opened for user root(uid=0) by root(uid=0)
session opened for user root(uid=0) by root(uid=0)
session opened for user root(uid=0) by root(uid=0)
session opened for user root(uid=0) by root(uid=0)
session opened for user root(uid=0) by root(uid=0)
session opened for user root(uid=0) by root(uid=0)
session opened for user root(uid=0) by root(uid=0)
session opened for user root(uid=0) by root(uid=0)
session opened for user root(uid=0) by root(uid=0)
session opened for user root(uid=0) by root(uid=0)
session opened for user root(uid=0) by root(uid=0)
session opened for user root(uid=0) by root(uid=0)
session opened for user root(uid=0) by root(uid=0)
session opened for user root(uid=0) by root(uid=0)
session opened for user root(uid=0) by root(uid=0)
session opened for user root(uid=0) by root(uid=0)
session opened for user root(uid=0) by root(uid=0)
session opened for user root(uid=0) by root(uid=0)
session opened for user root(uid=0) by root(uid=0)
session opened for user root(uid=0) by root(uid=0)
session opened for user root(uid=0) by root(uid=0)
session opened for user root(uid=0) by root(uid=0)
session opened for user root(uid=0) by root(uid=0)
session opened for user root(uid=0) by root(uid=0)
session opened for user root(uid=0) by root(uid=0)
session opened for user root(uid=0) by root(uid=0)
session opened for user root(uid=0) by root(uid=0)
session opened for user root(uid=0) by root(uid=0)
session opened for user root(uid=0) by root(uid=0)
session opened for user root(uid=0) by root(uid=0)
session opened for user root(uid=0) by root(uid=0)
session opened for user root(uid=0) by root(uid=0)
session opened for user root(uid=0) by root(uid=0)
session opened for user root(uid=0) by root(uid=0)
session opened for user root(uid=0) by root(uid=0)
session opened for user root(uid=0) by root(uid=0)
session opened for user root(uid=0) by root(uid=0)
session opened for user root(uid=0) by root(uid=0)
session opened for user root(uid=0) by root(uid=0)
session opened for user root(uid=0) by root(uid=0)
session opened for user root(uid=0) by root(uid=0)
session opened for user root(uid=0) by root(uid=0)
session opened for user root(uid=0) by root(uid=0)
session opened for user root(uid=0) by root(uid=0)
session opened for user root(uid=0) by root(uid=0)
session opened for user root(uid=0) by root(uid=0)
session opened for user root(uid=0) by root(uid=0)
session opened for user root(uid=0) by root(uid=0)
session opened for user root(uid=0) by root(uid=0)
session opened for user root(uid=0) by root(uid=0)
session opened for user root(uid=0) by root(uid=0)
session opened for user root(uid=0) by root(uid=0)
session opened for user root(uid=0) by root(uid=0)
session opened for user root(uid=0) by root(uid=0)
session opened for user root(uid=0) by root(uid=0)
session opened for user root(uid=0) by root(uid=0)
session opened for user root(uid=0) by root(uid=0)
session opened for user root(uid=0) by root(uid=0)
session opened for user root(uid=0) by root(uid=0)
session opened for user root(uid=0) by root(uid=0)
session opened for user root(uid=0) by root(uid=0)
session opened for user root(uid=0) by root(uid=0)
session opened for user root(uid=0) by root(uid=0)
session opened for user root(uid=0) by root(uid=0)
session opened for user root(uid=0) by root(uid=0)
session opened for user root(uid=0) by root(uid=0)
session opened for user root(uid=0) by root(uid=0)
session opened for user root(uid=0) by root(uid=0)
session opened for user root(uid=0) by root(uid=0)
session opened for user root(uid=0) by root(uid=0)
session opened for user root(uid=0) by root(uid=0)
session opened for user root(uid=0) by root(uid=0)
session opened for user root(uid=0) by root(uid=0)
session opened for user root(uid=0) by root(uid=0)
session opened for user root(uid=0) by root(uid=0)
session opened for user root(uid=0) by root(uid=0)
session opened for user root(uid=0) by root(uid=0)
session opened for user root(uid=0) by root(uid=0)
session opened for user root(uid=0) by root(uid=0)
session opened for user root(uid=0) by root(uid=0)
session opened for user root(uid=0) by root(uid=0)
session opened for user root(uid=0) by root(uid=0)
session opened for user root(uid=0) by root(uid=0)
session opened for user root(uid=0) by root(uid=0)
session opened for user root(uid=0) by root(uid=0)
session opened for user root(uid=0) by root(uid=0)
session opened for user root(uid=0) by root(uid=0)
session opened for user root(uid=0) by root(uid=0)
session opened for user root(uid=0) by root(uid=0)
session opened for user root(uid=0) by root(uid=0)
session opened for user root(uid=0) by root(uid=1001)
session opened for user user1(uid=1001) by root(uid=0)
session opened for user user1(uid=1001) by root(uid=0)
session opened for user user1(uid=1001) by root(uid=0)
session opened for user user1(uid=1001) by root(uid=0)
session opened for user user1(uid=1001) by root(uid=0)
session opened for user user2(uid=1002) by root(uid=0)
session opened for user user2(uid=1002) by root(uid=0)
session opened for user user2(uid=1002) by root(uid=0)
session opened for user user2(uid=1002) by root(uid=0)
session opened for user user2(uid=1002) by root(uid=0)
session opened for user user2(uid=1002) by root(uid=0)
session opened for user user3(uid=1003) by root(uid=0)
session opened for user user3(uid=1003) by root(uid=0)
session opened for user user3(uid=1003) by root(uid=0)
session opened for user user3(uid=1003) by root(uid=0)
session opened for user user3(uid=1003) by root(uid=0)
session opened for user user3(uid=1003) by root(uid=0)
system buttons on /dev/input/event0 (Power Button)
system buttons on /dev/input/event1 (AT Translated Set 2 keyboard)
the name org.freedesktop.PolicyKit1 on the system bus
: TTY=pts/0 ; PWD=/home/user1 ; USER=root ; COMMAND=/usr/bin/dmesg
: TTY=pts/0 ; PWD=/root ; USER=user2 ; COMMAND=/usr/local/bin/dmesg_wrapper
user1) root on pts/0
user1) root on pts/0
user1) root on pts/0
user1) root on pts/0
user1) root on pts/0
user2) root on pts/0
user2) root on pts/0
user2) root on pts/0
user2) root on pts/0
user2) root on pts/0
: user2 : user NOT in sudoers ; TTY=pts/0 ; PWD=/home/user2 ; USER=root ; COMMAND=/usr/local/bin/dmesg_wrapper
user3) root on pts/0
user3) root on pts/0
user3) root on pts/0
user3) root on pts/0
user3) root on pts/0
user3) root on pts/0


3) Для результата из предыдущего пункта найдите количество повторений для каждого источника и выведите их в виде списка «число_повторений источник», результат отсортируйте по убыванию количества повторений

> root@eltex-practice2-pg1-v24:~# find /var/log -type f -name "auth.log" -exec awk '{split($5, a, /\[/); source = a[1]; message = substr($0, index($0, $6)); print source " " message}' {} + | sed 's/\[[0-9]*\]//g' | sort -k1 | awk '{print $1}' | sort | uniq -c | sort -nr
    490 session
      6 user3)
      5 user2)
      5 user1)
      3 password
      3 :
      2 system
      2 rules
      2 publickey
      1 the
      1 seat
      1 login
      1 loading,
      1 listening
      1 conversation
      1 auth


4) В файле /etc/passwd найдите всех пользователей в системе, у которых установлен shell /usr/sbin/nologin и выведите их в виде списка: «UID, username, список его групп», отсортированный в обратном порядке по UID, cписок групп используйте из файла /etc/group

> root@eltex-practice2-pg1-v24:~# awk -F: '$NF == "/usr/sbin/nologin" {print $1 "," $3 "," $4}' /etc/passwd |
while IFS=, read -r username uid gid; do
    primary_group=$(awk -F: -v target_gid="$gid" '$3 == target_gid {print $1}' /etc/group);
    secondary_groups=$(awk -F: -v user="$username" 'split($4, users, ",") { for (i in users) if (users[i] == user) print $1 }' /etc/group | tr '\n' ',' | sed 's/,$//');
    all_groups="${primary_group}";
    [ -n "$secondary_groups" ] && all_groups+=",${secondary_groups}";
    echo "$uid, $username, $all_groups";
done | sort -t, -k1,1 -nr
65534, nobody, nogroup
1003, user3, user3,users,newgroup
998, systemd-network, systemd-network
997, systemd-timesync, systemd-timesync
992, systemd-resolve, systemd-resolve
991, polkitd, polkitd
989, fwupd-refresh, fwupd-refresh
109, sshd, nogroup
108, usbmux, plugdev
107, landscape, landscape
105, tcpdump, tcpdump
104, uuidd, uuidd
103, syslog, syslog,adm
101, messagebus, messagebus
42, _apt, nogroup
39, irc, irc
38, list, list
34, backup, backup
33, www-data, www-data
13, proxy, proxy
10, uucp, uucp
9, news, news
8, mail, mail
7, lp, lp
6, man, man
5, games, games
3, sys, sys
2, bin, bin
1, daemon, daemon


5) Найдите в результате вывода dmesg все строки, содержащие слово 'kernel‘

> root@eltex-practice2-pg1-v24:~# dmesg | grep -i 'kernel'
[    0.000000] KERNEL supported cpus:
[    0.041704] Booting paravirtualized kernel on KVM
[    0.041954] Kernel command line: BOOT_IMAGE=/vmlinuz-6.8.0-55-generic root=/dev/mapper/ubuntu--vg-ubuntu--lv ro
[    0.041982] Unknown kernel command line parameters "BOOT_IMAGE=/vmlinuz-6.8.0-55-generic", will be passed to user space.
[    0.087386] Memory: 3933500K/4193760K available (22528K kernel code, 4443K rwdata, 14344K rodata, 4988K init, 4716K bss, 260000K reserved, 0K cma-reserved)
[    0.242054] DMA: preallocated 512 KiB GFP_KERNEL pool for atomic allocations
[    0.242079] DMA: preallocated 512 KiB GFP_KERNEL|GFP_DMA pool for atomic allocations
[    0.242108] DMA: preallocated 512 KiB GFP_KERNEL|GFP_DMA32 pool for atomic allocations
[    0.492180] Loaded X.509 cert 'Build time autogenerated kernel key: e0bedf6fa049a1e09bd65ebab3904f14cdd5bc68'
[    0.497503] Loaded X.509 cert 'Canonical Ltd. Kernel Module Signing: 88f752e560a1e0737e31163a466ad7b70a850c19'
[    0.655990] Loaded X.509 cert 'Build time autogenerated kernel key: e0bedf6fa049a1e09bd65ebab3904f14cdd5bc68'
[    0.689907] Freeing unused kernel image (initmem) memory: 4988K
[    0.691221] Write protecting the kernel read-only data: 38912k
[    0.692961] Freeing unused kernel image (rodata/data gap) memory: 2040K
[    6.226619] systemd[1]: Listening on systemd-udevd-kernel.socket - udev Kernel Socket.
[    6.242714] systemd[1]: Mounting sys-kernel-debug.mount - Kernel Debug File System...
[    6.243599] systemd[1]: Mounting sys-kernel-tracing.mount - Kernel Trace File System...
[    6.296450] systemd[1]: Starting modprobe@configfs.service - Load Kernel Module configfs...
[    6.300283] systemd[1]: Starting modprobe@dm_mod.service - Load Kernel Module dm_mod...
[    6.305456] systemd[1]: Starting modprobe@drm.service - Load Kernel Module drm...
[    6.306880] systemd[1]: Starting modprobe@efi_pstore.service - Load Kernel Module efi_pstore...
[    6.310790] systemd[1]: Starting modprobe@fuse.service - Load Kernel Module fuse...
[    6.316640] systemd[1]: Starting modprobe@loop.service - Load Kernel Module loop...
[    6.322655] systemd[1]: Starting systemd-modules-load.service - Load Kernel Modules...
[    6.327423] systemd[1]: Starting systemd-remount-fs.service - Remount Root and Kernel File Systems...


6) Подсчитайте количество строк в файле /var/log/kern.log

> root@eltex-practice2-pg1-v24:~# wc -l /var/log/kern.log
722 /var/log/kern.log

7) Отформатируйте вывод записей в /var/log/apt/history.log в следующем порядке, построчно:
Commandline: … ; Start-Date: … ; End-Date: …

> root@eltex-practice2-pg1-v24:~# sed -n '/Commandline:/ {:loop; N; /\nStart-Date:/!b loop; /\nEnd-Date:/!b loop; p;}' /var/log/apt/history.log | grep -E "Commandline:|Start-Date:|End-Date:"
Commandline: apt-get install --reinstall apt
End-Date: 2025-02-16  20:51:24
Start-Date: 2025-02-16  20:51:26
Commandline: apt-get install --reinstall base-files
End-Date: 2025-02-16  20:51:28
Start-Date: 2025-02-16  20:51:31
Commandline: apt-get install --reinstall base-passwd
End-Date: 2025-02-16  20:51:32
Start-Date: 2025-02-16  20:51:35
Commandline: apt-get install --reinstall bash
End-Date: 2025-02-16  20:51:37
Start-Date: 2025-02-16  20:51:39
Commandline: apt-get install --reinstall bsdutils
End-Date: 2025-02-16  20:51:41
Start-Date: 2025-02-16  20:51:44
Commandline: apt-get install --reinstall coreutils
End-Date: 2025-02-16  20:51:45
Start-Date: 2025-02-16  20:51:48
Commandline: apt-get install --reinstall dash
End-Date: 2025-02-16  20:51:49
Start-Date: 2025-02-16  20:51:52
Commandline: apt-get install --reinstall debconf
End-Date: 2025-02-16  20:51:53
Start-Date: 2025-02-16  20:51:56
Commandline: apt-get install --reinstall debianutils
End-Date: 2025-02-16  20:51:58
Start-Date: 2025-02-16  20:52:00
Commandline: apt-get install --reinstall diffutils
End-Date: 2025-02-16  20:52:02
Start-Date: 2025-02-16  20:52:04
Commandline: apt-get install --reinstall dpkg
End-Date: 2025-02-16  20:52:06
Start-Date: 2025-02-16  20:52:09
Commandline: apt-get install --reinstall e2fsprogs
End-Date: 2025-02-16  20:52:10
Start-Date: 2025-02-16  20:52:13
Commandline: apt-get install --reinstall findutils
End-Date: 2025-02-16  20:52:14
Start-Date: 2025-02-16  20:52:17
Commandline: apt-get install --reinstall gcc-14-base:amd64
End-Date: 2025-02-16  20:52:18
Start-Date: 2025-02-16  20:52:21
Commandline: apt-get install --reinstall gpgv
End-Date: 2025-02-16  20:52:23
Start-Date: 2025-02-16  20:52:25
Commandline: apt-get install --reinstall grep
End-Date: 2025-02-16  20:52:27
Start-Date: 2025-02-16  20:52:29
Commandline: apt-get install --reinstall gzip
End-Date: 2025-02-16  20:52:31
Start-Date: 2025-02-16  20:52:34
Commandline: apt-get install --reinstall hostname
End-Date: 2025-02-16  20:52:35
Start-Date: 2025-02-16  20:52:38
Commandline: apt-get install --reinstall init-system-helpers
End-Date: 2025-02-16  20:52:39
Start-Date: 2025-02-16  20:52:42
Commandline: apt-get install --reinstall libacl1:amd64
End-Date: 2025-02-16  20:52:43
Start-Date: 2025-02-16  20:52:46
Commandline: apt-get install --reinstall libapt-pkg6.0t64:amd64
End-Date: 2025-02-16  20:52:47
Start-Date: 2025-02-16  20:52:50
Commandline: apt-get install --reinstall libassuan0:amd64
End-Date: 2025-02-16  20:52:51
Start-Date: 2025-02-16  20:52:54
Commandline: apt-get install --reinstall libattr1:amd64
End-Date: 2025-02-16  20:52:56
Start-Date: 2025-02-16  20:52:58
Commandline: apt-get install --reinstall libaudit-common
End-Date: 2025-02-16  20:53:00
Start-Date: 2025-02-16  20:53:02
Commandline: apt-get install --reinstall libaudit1:amd64
End-Date: 2025-02-16  20:53:04
Start-Date: 2025-02-16  20:53:06
Commandline: apt-get install --reinstall libblkid1:amd64
End-Date: 2025-02-16  20:53:08
Start-Date: 2025-02-16  20:53:11
Commandline: apt-get install --reinstall libbz2-1.0:amd64
End-Date: 2025-02-16  20:53:12
Start-Date: 2025-02-16  20:53:15
Commandline: apt-get install --reinstall libc-bin
End-Date: 2025-02-16  20:53:17
Start-Date: 2025-02-16  20:53:19
Commandline: apt-get install --reinstall libc6:amd64
End-Date: 2025-02-16  20:53:22
Start-Date: 2025-02-16  20:53:25
Commandline: apt-get install --reinstall libcap-ng0:amd64
End-Date: 2025-02-16  20:53:26
Start-Date: 2025-02-16  20:53:29
Commandline: apt-get install --reinstall libcap2:amd64
End-Date: 2025-02-16  20:53:30
Start-Date: 2025-02-16  20:53:33
Commandline: apt-get install --reinstall libcom-err2:amd64
End-Date: 2025-02-16  20:53:34
Start-Date: 2025-02-16  20:53:37
Commandline: apt-get install --reinstall libcrypt1:amd64
End-Date: 2025-02-16  20:53:38
Start-Date: 2025-02-16  20:53:41
Commandline: apt-get install --reinstall libdebconfclient0:amd64
End-Date: 2025-02-16  20:53:42
Start-Date: 2025-02-16  20:53:45
Commandline: apt-get install --reinstall libext2fs2t64:amd64
End-Date: 2025-02-16  20:53:46
Start-Date: 2025-02-16  20:53:49
Commandline: apt-get install --reinstall libffi8:amd64
End-Date: 2025-02-16  20:53:50
Start-Date: 2025-02-16  20:53:53
Commandline: apt-get install --reinstall libgcc-s1:amd64
End-Date: 2025-02-16  20:53:54
Start-Date: 2025-02-16  20:53:57
Commandline: apt-get install --reinstall libgcrypt20:amd64
End-Date: 2025-02-16  20:53:59
Start-Date: 2025-02-16  20:54:01
Commandline: apt-get install --reinstall libgmp10:amd64
End-Date: 2025-02-16  20:54:03
Start-Date: 2025-02-16  20:54:05
Commandline: apt-get install --reinstall libgnutls30t64:amd64
End-Date: 2025-02-16  20:54:07
Start-Date: 2025-02-16  20:54:10
Commandline: apt-get install --reinstall libgpg-error0:amd64
End-Date: 2025-02-16  20:54:11
Start-Date: 2025-02-16  20:54:14
Commandline: apt-get install --reinstall libhogweed6t64:amd64
End-Date: 2025-02-16  20:54:15
Start-Date: 2025-02-16  20:54:18
Commandline: apt-get install --reinstall libidn2-0:amd64
End-Date: 2025-02-16  20:54:19
Start-Date: 2025-02-16  20:54:22
Commandline: apt-get install --reinstall liblz4-1:amd64
End-Date: 2025-02-16  20:54:23
Start-Date: 2025-02-16  20:54:26
Commandline: apt-get install --reinstall liblzma5:amd64
End-Date: 2025-02-16  20:54:27
Start-Date: 2025-02-16  20:54:30
Commandline: apt-get install --reinstall libmd0:amd64
End-Date: 2025-02-16  20:54:32
Start-Date: 2025-02-16  20:54:34
Commandline: apt-get install --reinstall libmount1:amd64
End-Date: 2025-02-16  20:54:36
Start-Date: 2025-02-16  20:54:38
Commandline: apt-get install --reinstall libncursesw6:amd64
End-Date: 2025-02-16  20:54:39
Start-Date: 2025-02-16  20:54:42
Commandline: apt-get install --reinstall libnettle8t64:amd64
End-Date: 2025-02-16  20:54:43
Start-Date: 2025-02-16  20:54:46
Commandline: apt-get install --reinstall libnpth0t64:amd64
End-Date: 2025-02-16  20:54:48
Start-Date: 2025-02-16  20:54:50
Commandline: apt-get install --reinstall libp11-kit0:amd64
End-Date: 2025-02-16  20:54:52
Start-Date: 2025-02-16  20:54:54
Commandline: apt-get install --reinstall libpam-modules:amd64
End-Date: 2025-02-16  20:54:56
Start-Date: 2025-02-16  20:54:58
Commandline: apt-get install --reinstall libpam-modules-bin
End-Date: 2025-02-16  20:55:00
Start-Date: 2025-02-16  20:55:03
Commandline: apt-get install --reinstall libpam-runtime
End-Date: 2025-02-16  20:55:04
Start-Date: 2025-02-16  20:55:07
Commandline: apt-get install --reinstall libpam0g:amd64
End-Date: 2025-02-16  20:55:08
Start-Date: 2025-02-16  20:55:11
Commandline: apt-get install --reinstall libpcre2-8-0:amd64
End-Date: 2025-02-16  20:55:12
Start-Date: 2025-02-16  20:55:15
Commandline: apt-get install --reinstall libproc2-0:amd64
End-Date: 2025-02-16  20:55:16
Start-Date: 2025-02-16  20:55:19
Commandline: apt-get install --reinstall libseccomp2:amd64
End-Date: 2025-02-16  20:55:20
Start-Date: 2025-02-16  20:55:23
Commandline: apt-get install --reinstall libselinux1:amd64
End-Date: 2025-02-16  20:55:24
Start-Date: 2025-02-16  20:55:27
Commandline: apt-get install --reinstall libsemanage-common
End-Date: 2025-02-16  20:55:28
Start-Date: 2025-02-16  20:55:31
Commandline: apt-get install --reinstall libsemanage2:amd64
End-Date: 2025-02-16  20:55:32
Start-Date: 2025-02-16  20:55:35
Commandline: apt-get install --reinstall libsepol2:amd64
End-Date: 2025-02-16  20:55:36
Start-Date: 2025-02-16  20:55:38
Commandline: apt-get install --reinstall libsmartcols1:amd64
End-Date: 2025-02-16  20:55:40
Start-Date: 2025-02-16  20:55:42
Commandline: apt-get install --reinstall libss2:amd64
End-Date: 2025-02-16  20:55:44
Start-Date: 2025-02-16  20:55:46
Commandline: apt-get install --reinstall libssl3t64:amd64
End-Date: 2025-02-16  20:55:48
Start-Date: 2025-02-16  20:55:51
Commandline: apt-get install --reinstall libstdc++6:amd64
End-Date: 2025-02-16  20:55:52
Start-Date: 2025-02-16  20:55:55
Commandline: apt-get install --reinstall libsystemd0:amd64
End-Date: 2025-02-16  20:55:56
Start-Date: 2025-02-16  20:55:59
Commandline: apt-get install --reinstall libtasn1-6:amd64
End-Date: 2025-02-16  20:56:00
Start-Date: 2025-02-16  20:56:03
Commandline: apt-get install --reinstall libtinfo6:amd64
End-Date: 2025-02-16  20:56:04
Start-Date: 2025-02-16  20:56:07
Commandline: apt-get install --reinstall libudev1:amd64
End-Date: 2025-02-16  20:56:08
Start-Date: 2025-02-16  20:56:11
Commandline: apt-get install --reinstall libunistring5:amd64
End-Date: 2025-02-16  20:56:13
Start-Date: 2025-02-16  20:56:15
Commandline: apt-get install --reinstall libuuid1:amd64
End-Date: 2025-02-16  20:56:17
Start-Date: 2025-02-16  20:56:19
Commandline: apt-get install --reinstall libxxhash0:amd64
End-Date: 2025-02-16  20:56:21
Start-Date: 2025-02-16  20:56:23
Commandline: apt-get install --reinstall libzstd1:amd64
End-Date: 2025-02-16  20:56:25
Start-Date: 2025-02-16  20:56:28
Commandline: apt-get install --reinstall login
End-Date: 2025-02-16  20:56:29
Start-Date: 2025-02-16  20:56:32
Commandline: apt-get install --reinstall logsave
End-Date: 2025-02-16  20:56:33
Start-Date: 2025-02-16  20:56:36
Commandline: apt-get install --reinstall mawk
End-Date: 2025-02-16  20:56:37
Start-Date: 2025-02-16  20:56:39
Commandline: apt-get install --reinstall mount
End-Date: 2025-02-16  20:56:41
Start-Date: 2025-02-16  20:56:43
Commandline: apt-get install --reinstall ncurses-base
End-Date: 2025-02-16  20:56:45
Start-Date: 2025-02-16  20:56:47
Commandline: apt-get install --reinstall ncurses-bin
End-Date: 2025-02-16  20:56:49
Start-Date: 2025-02-16  20:56:52
Commandline: apt-get install --reinstall passwd
End-Date: 2025-02-16  20:56:53
Start-Date: 2025-02-16  20:56:55
Commandline: apt-get install --reinstall perl-base
End-Date: 2025-02-16  20:56:57
Start-Date: 2025-02-16  20:57:00
Commandline: apt-get install --reinstall procps
End-Date: 2025-02-16  20:57:01
Start-Date: 2025-02-16  20:57:04
Commandline: apt-get install --reinstall sed
End-Date: 2025-02-16  20:57:05
Start-Date: 2025-02-16  20:57:08
Commandline: apt-get install --reinstall sensible-utils
End-Date: 2025-02-16  20:57:09
Start-Date: 2025-02-16  20:57:12
Commandline: apt-get install --reinstall sysvinit-utils
End-Date: 2025-02-16  20:57:13
Start-Date: 2025-02-16  20:57:16
Commandline: apt-get install --reinstall tar
End-Date: 2025-02-16  20:57:17
Start-Date: 2025-02-16  20:57:20
Commandline: apt-get install --reinstall ubuntu-keyring
End-Date: 2025-02-16  20:57:21
Start-Date: 2025-02-16  20:57:24
Commandline: apt-get install --reinstall util-linux
End-Date: 2025-02-16  20:57:26
Start-Date: 2025-02-16  20:57:28
Commandline: apt-get install --reinstall zlib1g:amd64
End-Date: 2025-02-16  20:57:30
Start-Date: 2025-02-16  20:57:34
Commandline: apt-get --yes -oDebug::pkgDepCache::AutoInstall=yes --force-yes upgrade
End-Date: 2025-02-16  20:57:38
Start-Date: 2025-02-16  20:57:39
Commandline: apt-get --yes -oDebug::pkgDepCache::AutoInstall=yes --force-yes dist-upgrade
End-Date: 2025-02-16  20:57:39
Start-Date: 2025-02-16  20:57:42
Commandline: apt-get --yes -oDebug::pkgDepCache::AutoInstall=yes install adduser apparmor apport apport-core-dump-handler apt base-passwd bcache-tools btrfs-progs busybox-initramfs ca-certificates cloud-guest-utils cloud-init coreutils cpio cryptsetup cryptsetup-bin curl dbus dbus-bin dbus-daemon dbus-session-bus-common dbus-system-bus-common dbus-user-session debconf dhcpcd-base distro-info-data dmeventd dmsetup dpkg dracut-install e2fsprogs ethtool fdisk fuse3 gawk gcc-14-base gettext-base gir1.2-girepository-2.0 gir1.2-glib-2.0 gpgv init-system-helpers initramfs-tools initramfs-tools-bin initramfs-tools-core iproute2 klibc-utils kmod kpartx libacl1 libaio1t64 libapparmor1 libapt-pkg6.0t64 libargon2-1 libassuan0 libattr1 libaudit-common libaudit1 libblkid1 libbpf1 libbrotli1 libbsd0 libbz2-1.0 libc6 libcap-ng0 libcap2 libcap2-bin libcbor0.10 libcom-err2 libcrypt1 libcryptsetup12 libcurl4t64 libdb5.3t64 libdbus-1-3 libdebconfclient0 libdevmapper-event1.02.1 libdevmapper1.02.1 libdrm-common libdrm2 libedit2 libelf1t64 libexpat1 libext2fs2t64 libfdisk1 libffi8 libfido2-1 libfuse3-3 libgcc-s1 libgcrypt20 libgdbm-compat4t64 libgdbm6t64 libgirepository-1.0-1 libglib2.0-0t64 libgmp10 libgnutls30t64 libgpg-error0 libgssapi-krb5-2 libhogweed6t64 libicu74 libidn2-0 libinih1 libintl-perl libisns0t64 libjson-c5 libk5crypto3 libkeyutils1 libklibc libkmod2 libkrb5-3 libkrb5support0 libldap2 liblvm2cmd2.03 liblz4-1 liblzma5 liblzo2-2 libmd0 libmnl0 libmodule-find-perl libmodule-scandeps-perl libmount1 libmpfr6 libncursesw6 libnetplan1 libnettle8t64 libnghttp2-14 libnpth0t64 libopeniscsiusr libp11-kit0 libpam-modules libpam-modules-bin libpam-runtime libpam-systemd libpam0g libpci3 libpcre2-8-0 libperl5.38t64 libpopt0 libproc-processtable-perl libproc2-0 libpsl5t64 libpython3-stdlib libpython3.12-minimal libpython3.12-stdlib libreadline8t64 libreiserfscore0t64 librtmp1 libsasl2-2 libsasl2-modules-db libseccomp2 libselinux1 libsemanage-common libsemanage2 libsepol2 libsgutils2-1.46-2 libsigsegv2 libsmartcols1 libsort-naturally-perl libsqlite3-0 libss2 libssh-4 libssl3t64 libstdc++6 libsystemd-shared libsystemd0 libtasn1-6 libterm-readkey-perl libtinfo6 libtirpc-common libtirpc3t64 libudev1 libunistring5 liburcu8t64 libusb-1.0-0 libuuid1 libxtables12 libxxhash0 libyaml-0-2 libzstd1 linux-base logsave lsb-base lsb-release lvm2 mdadm media-types mount multipath-tools needrestart netbase netplan-generator netplan.io open-iscsi openssh-client openssl passwd pci.ids pciutils perl perl-base perl-modules-5.38 pollinate procps python-apt-common python3 python3-apport python3-apt python3-attr python3-blinker python3-certifi python3-cffi-backend python3-chardet python3-click python3-colorama python3-configobj python3-cryptography python3-dbus python3-debconf python3-distro python3-distro-info python3-distupgrade python3-gi python3-httplib2 python3-idna python3-jinja2 python3-json-pointer python3-jsonpatch python3-jsonschema python3-jwt python3-launchpadlib python3-lazr.restfulclient python3-lazr.uri python3-markupsafe python3-minimal python3-netplan python3-oauthlib python3-pkg-resources python3-problem-report python3-pyparsing python3-pyrsistent python3-requests python3-serial python3-six python3-update-manager python3-urllib3 python3-wadllib python3-xkit python3-yaml python3.12 python3.12-minimal readline-common sed sensible-utils sg3-utils sg3-utils-udev snapd squashfs-tools sudo systemd systemd-dev systemd-resolved systemd-sysv sysvinit-utils tar tzdata ubuntu-drivers-common ubuntu-keyring ubuntu-release-upgrader-core ubuntu-server-minimal ucf udev unattended-upgrades unminimize usbutils xfsprogs xxd xz-utils zlib1g lxd-installer
End-Date: 2025-02-16  20:58:20
Start-Date: 2025-02-16  20:58:40
Commandline: apt-get install --reinstall -y gdisk zstd unattended-upgrades xfsprogs multipath-tools kpartx cloud-init squashfs-tools sg3-utils pollinate packagekit-tools polkitd xml-core needrestart mdadm lvm2 libterm-readkey-perl libsort-naturally-perl libproc-processtable-perl:amd64 libmodule-scandeps-perl libmodule-find-perl libldap-common libintl-xs-perl libintl-perl libglib2.0-bin gpg-wks-client gnupg keyboxd gpgsm gpg-agent pinentry-curses gpg gnupg-utils finalrd fdisk eatmydata dmeventd dirmngr gpgconf curl initramfs-tools linux-base initramfs-tools-core cryptsetup cryptsetup-bin btrfs-progs bcache-tools appstream libsasl2-2:amd64 xz-utils xauth ubuntu-release-upgrader-core plymouth openssh-client libx11-data libedit2:amd64 groff-base gettext-base fuse3 cpio apparmor xxd xdg-user-dirs ucf systemd-timesyncd systemd-resolved sudo shared-mime-info python3-pygments networkd-dispatcher netplan.io cloud-guest-utils thin-provisioning-tools software-properties-common snapd iproute2 libcap2-bin libtirpc-common libpam-systemd:amd64 coreutils ncurses-bin mawk libsemanage-common bash base-passwd tar sysvinit-utils sensible-utils sed apt init-system-helpers hostname gzip grep gpgv findutils diffutils debconf debianutils dash adduser kmod usbutils pciutils sgml-base perl libperl5.38t64:amd64 dmsetup dhcpcd-base open-iscsi udev gawk python3-chardet lsb-release dbus-daemon dbus-bin systemd-sysv systemd python3 python3.12 readline-common ethtool netplan-generator libpam-cap:amd64 libnss-systemd:amd64 console-setup keyboard-configuration xkb-data liblocale-gettext-perl kbd ca-certificates openssl libpam-modules:amd64 python3-minimal python3.12-minimal procps passwd libpam-modules-bin logsave libpam-runtime libaudit-common mount e2fsprogs util-linux perl-base bsdutils apport libc-bin base-files login dpkg
End-Date: 2025-02-16  20:59:23
Start-Date: 2025-02-16  20:59:26
Commandline: apt-get install --reinstall -y cryptsetup-initramfs dbus dbus-session-bus-common dbus-system-bus-common distro-info-data dracut-install gcc-14-base:amd64 gnupg-l10n iso-codes libapt-pkg6.0t64:amd64 libc6:amd64 libcbor0.10:amd64 libcryptsetup12:amd64 libdb5.3t64:amd64 libdbus-1-3:amd64 libexpat1:amd64 libfuse3-3:amd64 libgcrypt20:amd64 libglib2.0-0t64:amd64 libgmp10:amd64 libgnutls30t64:amd64 libgpg-error0:amd64 libidn2-0:amd64 libjson-c5:amd64 libklibc:amd64 libkrb5-3:amd64 libksba8:amd64 libldap2:amd64 liblzma5:amd64 liblzo2-2:amd64 libmpfr6:amd64 libnettle8t64:amd64 libnghttp2-14:amd64 libopeniscsiusr libp11-kit0:amd64 libpam0g:amd64 libpcre2-8-0:amd64 libpng16-16t64:amd64 libpolkit-gobject-1-0:amd64 libpopt0:amd64 libproc2-0:amd64 libpython3-stdlib:amd64 libpython3.12-minimal:amd64 libreadline8t64:amd64 libsigsegv2:amd64 libsqlite3-0:amd64 libssh-4:amd64 libstemmer0d:amd64 libsystemd-shared:amd64 libsystemd0:amd64 libtasn1-6:amd64 libtirpc3t64:amd64 libudev1:amd64 libusb-1.0-0:amd64 libxml2:amd64 libxtables12:amd64 lsb-base ncurses-base packagekit perl-modules-5.38 publicsuffix python3-babel python3-certifi python3-colorama python3-dbus python3-gi python3-httplib2 python3-json-pointer python3-jsonpatch python3-jwt python3-launchpadlib python3-lazr.restfulclient python3-lazr.uri python3-markdown-it python3-oauthlib python3-pkg-resources python3-requests python3-rich python3-serial python3-software-properties python3-tz python3-wadllib python3-yaml systemd-dev tzdata ubuntu-drivers-common
End-Date: 2025-02-16  20:59:43
Start-Date: 2025-02-16  20:59:50
Commandline: apt-get install -y ubuntu-minimal ubuntu-standard
End-Date: 2025-02-16  21:00:01
Start-Date: 2025-02-16  21:00:04
Commandline: apt-get -y --fix-policy install
End-Date: 2025-02-16  21:00:04
Start-Date: 2025-02-16  21:00:10
Commandline: apt-get --yes -oDebug::pkgDepCache::AutoInstall=yes install adduser apparmor apport apport-core-dump-handler apport-symptoms appstream apt apt-utils base-files base-passwd bash bash-completion bc bcache-tools bind9-dnsutils bind9-host bind9-libs bolt bsdextrautils bsdutils btrfs-progs busybox-initramfs busybox-static byobu ca-certificates cloud-guest-utils cloud-initramfs-copymods cloud-initramfs-dyn-netconf command-not-found console-setup console-setup-linux coreutils cpio cron cron-daemon-common cryptsetup cryptsetup-bin cryptsetup-initramfs curl dash dbus dbus-bin dbus-daemon dbus-session-bus-common dbus-system-bus-common dbus-user-session debconf debconf-i18n debianutils dhcpcd-base diffutils dirmngr distro-info distro-info-data dmeventd dmidecode dmsetup dosfstools dpkg dracut-install e2fsprogs ed eject ethtool fdisk file finalrd findutils fonts-ubuntu-console friendly-recovery ftp fuse3 fwupd fwupd-signed gawk gcc-14-base gdisk gettext-base gir1.2-girepository-2.0 gir1.2-glib-2.0 gir1.2-packagekitglib-1.0 git git-man gnupg gnupg-l10n gnupg-utils gpg gpg-agent gpg-wks-client gpgconf gpgsm gpgv grep groff-base gzip hdparm hostname htop ibverbs-providers inetutils-telnet info init init-system-helpers initramfs-tools initramfs-tools-bin initramfs-tools-core install-info iproute2 iptables iputils-ping iputils-tracepath iso-codes jq kbd keyboard-configuration keyboxd klibc-utils kmod kpartx krb5-locales landscape-common less libacl1 libaio1t64 libapparmor1 libappstream5 libapt-pkg6.0t64 libarchive13t64 libargon2-1 libassuan0 libatasmart4 libatm1t64 libattr1 libaudit-common libaudit1 libblkid1 libblockdev-crypto3 libblockdev-fs3 libblockdev-loop3 libblockdev-mdraid3 libblockdev-nvme3 libblockdev-part3 libblockdev-swap3 libblockdev-utils3 libblockdev3 libbpf1 libbrotli1 libbsd0 libbytesize-common libbytesize1 libbz2-1.0 libc-bin libc6 libcap-ng0 libcap2 libcap2-bin libcbor0.10 libcom-err2 libcrypt1 libcryptsetup12 libcurl3t64-gnutls libcurl4t64 libdb5.3t64 libdbus-1-3 libdebconfclient0 libdevmapper-event1.02.1 libdevmapper1.02.1 libdrm-common libdrm2 libduktape207 libdw1t64 libedit2 libelf1t64 liberror-perl libestr0 libevdev2 libevent-core-2.1-7t64 libexpat1 libext2fs2t64 libfastjson4 libfdisk1 libffi8 libfido2-1 libflashrom1 libfribidi0 libftdi1-2 libfuse3-3 libfwupd2 libgcc-s1 libgcrypt20 libgdbm-compat4t64 libgdbm6t64 libgirepository-1.0-1 libglib2.0-0t64 libglib2.0-bin libglib2.0-data libgmp10 libgnutls30t64 libgpg-error0 libgpgme11t64 libgpm2 libgssapi-krb5-2 libgstreamer1.0-0 libgudev-1.0-0 libgusb2 libhogweed6t64 libibverbs1 libicu74 libidn2-0 libinih1 libintl-perl libintl-xs-perl libip4tc2 libip6tc2 libisns0t64 libjansson4 libjcat1 libjq1 libjson-c5 libjson-glib-1.0-0 libjson-glib-1.0-common libk5crypto3 libkeyutils1 libklibc libkmod2 libkrb5-3 libkrb5support0 libksba8 libldap-common libldap2 liblmdb0 liblocale-gettext-perl liblvm2cmd2.03 liblz4-1 liblzma5 liblzo2-2 libmagic-mgc libmagic1t64 libmaxminddb0 libmbim-glib4 libmbim-proxy libmbim-utils libmd0 libmm-glib0 libmnl0 libmodule-find-perl libmodule-scandeps-perl libmount1 libmpfr6 libmspack0t64 libncurses6 libncursesw6 libnetfilter-conntrack3 libnetplan1 libnettle8t64 libnewt0.52 libnfnetlink0 libnftables1 libnftnl11 libnghttp2-14 libnl-3-200 libnl-genl-3-200 libnl-route-3-200 libnpth0t64 libnspr4 libnss-systemd libnss3 libntfs-3g89t64 libnuma1 libnvme1t64 libonig5 libopeniscsiusr libp11-kit0 libpackagekit-glib2-18 libpam-cap libpam-modules libpam-modules-bin libpam-runtime libpam-systemd libpam0g libparted2t64 libpcap0.8t64 libpci3 libpcre2-8-0 libperl5.38t64 libpipeline1 libplymouth5 libpng16-16t64 libpolkit-agent-1-0 libpolkit-gobject-1-0 libpopt0 libproc-processtable-perl libproc2-0 libprotobuf-c1 libpsl5t64 libpython3-stdlib libpython3.12-minimal libpython3.12-stdlib libpython3.12t64 libqmi-glib5 libqmi-proxy libqmi-utils libqrtr-glib0 libreadline8t64 libreiserfscore0t64 librtmp1 libsasl2-2 libsasl2-modules libsasl2-modules-db libseccomp2 libselinux1 libsemanage-common libsemanage2 libsensors-config libsensors5 libsepol2 libsgutils2-1.46-2 libsigsegv2 libslang2 libsmartcols1 libsodium23 libsort-naturally-perl libsqlite3-0 libss2 libssh-4 libssl3t64 libstdc++6 libstemmer0d libsystemd-shared libsystemd0 libtasn1-6 libtcl8.6 libterm-readkey-perl libtext-charwidth-perl libtext-iconv-perl libtext-wrapi18n-perl libtinfo6 libtirpc-common libtirpc3t64 libtraceevent1 libtraceevent1-plugin libtracefs1 libtss2-esys-3.0.2-0t64 libtss2-mu-4.0.1-0t64 libtss2-sys1t64 libtss2-tcti-cmd0t64 libtss2-tcti-device0t64 libtss2-tcti-mssim0t64 libtss2-tcti-swtpm0t64 libuchardet0 libudev1 libudisks2-0 libunistring5 libunwind8 liburcu8t64 libusb-1.0-0 libutempter0 libuuid1 libuv1t64 libvolume-key1 libx11-6 libx11-data libxau6 libxcb1 libxdmcp6 libxext6 libxkbcommon0 libxml2 libxmlb2 libxmlsec1t64 libxmlsec1t64-openssl libxmuu1 libxslt1.1 libxtables12 libxxhash0 libyaml-0-2 libzstd1 linux-base locales login logrotate logsave lsb-release lshw lsof lvm2 lxd-agent-loader lxd-installer man-db manpages mawk mdadm media-types modemmanager motd-news-config mount mtr-tiny multipath-tools nano ncurses-base ncurses-bin needrestart netbase netcat-openbsd netplan-generator netplan.io networkd-dispatcher nftables ntfs-3g numactl open-iscsi open-vm-tools openssh-client openssl overlayroot packagekit packagekit-tools parted passwd pastebinit patch pci.ids pciutils perl perl-base perl-modules-5.38 pinentry-curses plymouth plymouth-theme-ubuntu-text polkitd pollinate powermgmt-base procps psmisc publicsuffix python-apt-common python3 python3-apport python3-apt python3-attr python3-automat python3-bcrypt python3-blinker python3-boto3 python3-botocore python3-certifi python3-cffi-backend python3-chardet python3-click python3-colorama python3-commandnotfound python3-configobj python3-constantly python3-cryptography python3-dateutil python3-dbus python3-debconf python3-debian python3-distro python3-distro-info python3-distupgrade python3-gdbm python3-gi python3-hamcrest python3-httplib2 python3-hyperlink python3-idna python3-incremental python3-jmespath python3-jwt python3-launchpadlib python3-lazr.restfulclient python3-lazr.uri python3-magic python3-markdown-it python3-mdurl python3-minimal python3-netifaces python3-netplan python3-newt python3-oauthlib python3-openssl python3-packaging python3-pexpect python3-pkg-resources python3-problem-report python3-ptyprocess python3-pyasn1 python3-pyasn1-modules python3-pygments python3-pyparsing python3-requests python3-rich python3-s3transfer python3-service-identity python3-setuptools python3-six python3-software-properties python3-systemd python3-twisted python3-update-manager python3-urllib3 python3-wadllib python3-yaml python3-zope.interface python3.12 python3.12-minimal readline-common rsync rsyslog run-one sbsigntool screen secureboot-db sed sensible-utils sg3-utils sg3-utils-udev sgml-base shared-mime-info snapd software-properties-common sosreport squashfs-tools strace sudo sysstat systemd systemd-dev systemd-hwe-hwdb systemd-resolved systemd-sysv systemd-timesyncd sysvinit-utils tar tcl tcl8.6 tcpdump telnet thin-provisioning-tools time tmux tnftp tpm-udev trace-cmd tzdata ubuntu-keyring ubuntu-minimal ubuntu-pro-client ubuntu-pro-client-l10n ubuntu-release-upgrader-core ubuntu-server ubuntu-standard ucf udev udisks2 ufw unattended-upgrades update-manager-core update-notifier-common usb-modeswitch usb-modeswitch-data usb.ids usbutils util-linux uuid-runtime vim vim-common vim-runtime vim-tiny wget whiptail xauth xdg-user-dirs xfsprogs xkb-data xml-core xxd xz-utils zerofree zlib1g zstd cloud-init
End-Date: 2025-02-16  21:00:28
Start-Date: 2025-03-12  18:07:37
Commandline: apt-get --quiet --assume-yes --option=Dpkg::options::=--force-unsafe-io --option=Dpkg::Options::=--force-confold install grub-pc
End-Date: 2025-03-12  18:08:03
Start-Date: 2025-03-12  18:08:37
Commandline: apt-get --quiet --assume-yes --option=Dpkg::options::=--force-unsafe-io --option=Dpkg::Options::=--force-confold install linux-generic
End-Date: 2025-03-12  18:11:58
Start-Date: 2025-03-12  18:12:45
Commandline: apt-get --quiet --assume-yes --option=Dpkg::options::=--force-unsafe-io --option=Dpkg::Options::=--force-confold install openssh-server
End-Date: 2025-03-12  18:13:11
Start-Date: 2025-03-12  18:13:21
Commandline: /usr/bin/unattended-upgrades -v
End-Date: 2025-03-12  18:14:11
Start-Date: 2025-03-12  18:19:08
Commandline: apt dist-upgrade
End-Date: 2025-03-12  18:21:04
Start-Date: 2025-03-12  18:21:23
Commandline: apt install vim qemu-guest-agent
End-Date: 2025-03-12  18:21:31
Start-Date: 2025-03-17  06:05:14
Commandline: apt-get install tar gzip bzip2
End-Date: 2025-03-17  06:05:22
Start-Date: 2025-03-17  06:05:42

