1) С помощью механизма дополнения имен команд выведите все команды, которые начинаются на «ls».

> eltex-pg1-v24@eltex:~$ ls
ls           lsb_release  lsinitramfs  lslocks      lsmod        lspci
lsattr       lscpu        lsipc        lslogins     lsns         lsusb
lsblk        lsfd         lsirq        lsmem        lsof

2) С помощью механизма дополнения имен переменных выведите все переменные, которые начинаются с «HIST».

> eltex-pg1-v24@eltex:~$ $HIST
$HISTCMD       $HISTCONTROL   $HISTFILE      $HISTFILESIZE  $HISTSIZE

3) Узнайте, сколько команд может храниться в файле истории.

#1741779807
echo $HISTFILESIZE 

4) Выведите имена файлов и каталогов из домашнего каталога, которые начинаются с «.».
 
#1741779977
ls -a
#1741780020
ls -d ~/.*

5) Настройте вывод даты выполнения команд, хранящихся в истории.

#1741780414
export HISTTIMEFORMAT="%F %T"

6) Настройте автоматическое сохранение набираемых команд в файле истории:
	введите любую команду, например, команду date;
	проверьте, есть ли эта команда в кэше и файле истории команд;
	определить переменную PROMPT_COMMAND так, чтобы кэш истории сохранялся в файле истории;
	ввести любую команду и проверить, появилась ли эта команда в кэше и файле истории.

#1741780595
date
#1741780598
history
#1741780674
export PROMPT_COMMAND="history -a"
#1741780742
echo "test"
#1741780747
history
#1741780799
tail -n 5 ./eltex-pg1-v24_part.log 
#1741780899
history
#1741780957
export HISTTIMEFORMAT="%d/%m/%y %T "
#1741780961
history 
#1741780972
tail -n 5 ./eltex-pg1-v24_part.log 

7) Создайте переменную DATE, в которую запишите текущую дату. Проверьте содержимое переменной.

#1741781098
DATE=$(date +%F)
#1741781119
echo $DATE

8) Создайте переменную TIME, в которую запишите текущее время. Проверьте содержимое переменной.

#1741781255
TIME=$(date +%T)
#1741781266
echo $TIME

9) Создайте переменную DATE_TIME в которую поместите значения из переменных DATE и TIME, разделенных пробелом. Проверьте содержимое переменной.

#1741781396
DATE_TIME="$DATE $TIME"
#1741781403
echo $DATE_TIME 


10) Выведите имена файлов, содержащие хотя бы одну цифру, из каталогов /bin и /sbin.

#1741782041
ls -a /bin /sbin | grep -E '[0-9]'

11) Измените приглашение так, чтобы выводились имя хоста, имя пользователя и время: имя_пользователя@имя_хоста-HH:MM>  (Используйте переменные bash и команду date)

#1741782566
export PS1="\u@\h-\$(date +%H:%M)> "

12) Сделайте так, чтобы в запускаемом интерпретаторе bash выводилось приглашение, установленное в родительском интерпретаторе bash.

#1741782887
echo 'export PS1' >> ~/.bashrc 
#1741782900
source ~/.bashrc 

13) Одной командной строкой создайте в домашнем каталоге подкаталоги для каждого месяца текущего года вида YYYY-MM(год реализуйте с помощью команды date и командной подстановки).

#1741783555
mkdir -p ~/$(date +%Y)-{01..12}
