1) Создайте иерархию вложенных каталогов D1/D2/D3.

mkdir -p D1/D2/D3

2) В каталоге D2 создайте обычный пустой файл file.txt.

touch D1/D2/file.txt

3) Добавьте произвольный текст в файл file.txt.

echo 'test test' >> D1/D2/file.txt

4) В каталоге D3 создайте символическую и жесткие ссылки на file.txt.

ln D1/D2/file.txt D1/D2/D3/hardlink.txt
ln -s ../D2/file.txt D1/D2/D3/symlink.txt

5) Докажите, что ссылки созданы успешно.

ls -l D1/D2/D3

6) Переместите файл file.txt в каталог D1.
mv D1/D2/file.txt D1/

7) Проверьте работу ранее созданных ссылок на файл file.txt. Какая ссылка
оказалась рабочей и почему?

cat D1/D2/D3/hardlink.txt
cat D1/D2/D3/symlink.txt

Рабочей оказалась жесткая ссылка так как она привязана к иноду файла, а не только указывает на файл.

8) Удалите каталог D2 со всем содержимым.

rm -rf D1/D2

9) Найдите все файлы в системе размером больше 50МБ. Убедитесь в том, что найденные файлы имеют нужный размер. Запишите в файл $USER_part3_gt50M.log список найденных файлов.

find / -type f -size +50M 2>/dev/null > "${USER}_part3_gt50M.log"

9) В домашнем каталоге и его подкаталогах найдите обычные файлы, которые
были изменены в течение последних 24х часов.

find ~ -type f -mtime -1

10) В каком каталоге находится команда find?

which find

11) Определите характер содержимого файла find командой file.

file /usr/bin/find

12) Установите, к какому типу относятся файлы /boot/initrd.img*.

file /boot/initrd.img*
